<?xml version="1.0" encoding="UTF-8"?>
<testng-results skipped="0" failed="0" total="0" passed="0">
  <reporter-output>
  </reporter-output>
  <suite name="com.test.InterfaceTest.AppTest" duration-ms="2" started-at="2018-01-23T04:13:50Z" finished-at="2018-01-23T04:13:50Z">
    <groups>
    </groups>
    <test name="Command line test" duration-ms="2" started-at="2018-01-23T04:13:50Z" finished-at="2018-01-23T04:13:50Z">
    </test> <!-- Command line test -->
  </suite> <!-- com.test.InterfaceTest.AppTest -->
</testng-results>
